# JRE version: Java(TM) SE Runtime Environment (21.0.3+7) (build 21.0.3+7-LTS-152)
# Java VM: Java HotSpot(TM) 64-Bit Server VM (21.0.3+7-LTS-152, mixed mode, emulated-client, sharing, tiered, compressed oops, compressed class ptrs, g1 gc, windows-amd64)
GC Precious Log:
 CardTable entry size: 512
 Card Set container configuration: InlinePtr #cards 4 size 8 Array Of Cards #cards 32 size 80 Howl #buckets 8 coarsen threshold 7372 Howl Bitmap #cards 1024 size 144 coarsen threshold 921 Card regions per heap region 1 cards per card region 8192
 CPUs: 12 total, 12 available
 Memory: 32594M
 Large Page Support: Disabled
 NUMA Support: Disabled
 Compressed Oops: Enabled (Zero based)
 Heap Region Size: 4M
 Heap Min Capacity: 8M
 Heap Initial Capacity: 512M
 Heap Max Capacity: 8152M
 Pre-touch: Disabled
 Parallel Workers: 10
 Concurrent Workers: 3
 Concurrent Refinement Workers: 10
 Periodic GC: Disabled
Heap:
 garbage-first heap   total 204800K, used 91157K [0x0000000602800000, 0x0000000800000000)
  region size 4096K, 11 young (45056K), 3 survivors (12288K)
 Metaspace       used 97643K, committed 98688K, reserved 1179648K
  class space    used 13061K, committed 13568K, reserved 1048576K
GC Heap History (20 events):
Event: 2324.188 GC heap before
{Heap before GC invocations=91 (full 17):
 garbage-first heap   total 204800K, used 164266K [0x0000000602800000, 0x0000000800000000)
  region size 4096K, 26 young (106496K), 2 survivors (8192K)
 Metaspace       used 93671K, committed 94720K, reserved 1179648K
  class space    used 12751K, committed 13248K, reserved 1048576K
}
Event: 2324.263 GC heap after
{Heap after GC invocations=92 (full 18):
 garbage-first heap   total 204800K, used 63869K [0x0000000602800000, 0x0000000800000000)
  region size 4096K, 0 young (0K), 0 survivors (0K)
 Metaspace       used 93665K, committed 94720K, reserved 1179648K
  class space    used 12750K, committed 13248K, reserved 1048576K
}
Event: 2325.015 GC heap before
{Heap before GC invocations=92 (full 18):
 garbage-first heap   total 204800K, used 174461K [0x0000000602800000, 0x0000000800000000)
  region size 4096K, 28 young (114688K), 0 survivors (0K)
 Metaspace       used 93873K, committed 94912K, reserved 1179648K
  class space    used 12774K, committed 13248K, reserved 1048576K
}
Event: 2325.019 GC heap after
{Heap after GC invocations=93 (full 18):
 garbage-first heap   total 204800K, used 70171K [0x0000000602800000, 0x0000000800000000)
  region size 4096K, 2 young (8192K), 2 survivors (8192K)
 Metaspace       used 93873K, committed 94912K, reserved 1179648K
  class space    used 12774K, committed 13248K, reserved 1048576K
}
Event: 2347.224 GC heap before
{Heap before GC invocations=94 (full 18):
 garbage-first heap   total 204800K, used 164379K [0x0000000602800000, 0x0000000800000000)
  region size 4096K, 26 young (106496K), 2 survivors (8192K)
 Metaspace       used 94549K, committed 95552K, reserved 1179648K
  class space    used 12810K, committed 13312K, reserved 1048576K
}
Event: 2347.309 GC heap after
{Heap after GC invocations=95 (full 19):
 garbage-first heap   total 204800K, used 68168K [0x0000000602800000, 0x0000000800000000)
  region size 4096K, 0 young (0K), 0 survivors (0K)
 Metaspace       used 94549K, committed 95552K, reserved 1179648K
  class space    used 12810K, committed 13312K, reserved 1048576K
}
Event: 2348.040 GC heap before
{Heap before GC invocations=95 (full 19):
 garbage-first heap   total 204800K, used 174664K [0x0000000602800000, 0x0000000800000000)
  region size 4096K, 27 young (110592K), 0 survivors (0K)
 Metaspace       used 94757K, committed 95744K, reserved 1179648K
  class space    used 12834K, committed 13312K, reserved 1048576K
}
Event: 2348.043 GC heap after
{Heap after GC invocations=96 (full 19):
 garbage-first heap   total 204800K, used 74455K [0x0000000602800000, 0x0000000800000000)
  region size 4096K, 2 young (8192K), 2 survivors (8192K)
 Metaspace       used 94757K, committed 95744K, reserved 1179648K
  class space    used 12834K, committed 13312K, reserved 1048576K
}
Event: 2353.925 GC heap before
{Heap before GC invocations=97 (full 19):
 garbage-first heap   total 204800K, used 168663K [0x0000000602800000, 0x0000000800000000)
  region size 4096K, 26 young (106496K), 2 survivors (8192K)
 Metaspace       used 95011K, committed 96064K, reserved 1179648K
  class space    used 12860K, committed 13376K, reserved 1048576K
}
Event: 2353.930 GC heap after
{Heap after GC invocations=98 (full 19):
 garbage-first heap   total 204800K, used 76863K [0x0000000602800000, 0x0000000800000000)
  region size 4096K, 3 young (12288K), 3 survivors (12288K)
 Metaspace       used 95011K, committed 96064K, reserved 1179648K
  class space    used 12860K, committed 13376K, reserved 1048576K
}
Event: 2432.866 GC heap before
{Heap before GC invocations=98 (full 19):
 garbage-first heap   total 204800K, used 126015K [0x0000000602800000, 0x0000000800000000)
  region size 4096K, 16 young (65536K), 3 survivors (12288K)
 Metaspace       used 95578K, committed 96640K, reserved 1179648K
  class space    used 12929K, committed 13440K, reserved 1048576K
}
Event: 2432.944 GC heap after
{Heap after GC invocations=99 (full 20):
 garbage-first heap   total 204800K, used 57571K [0x0000000602800000, 0x0000000800000000)
  region size 4096K, 0 young (0K), 0 survivors (0K)
 Metaspace       used 95568K, committed 96640K, reserved 1179648K
  class space    used 12928K, committed 13440K, reserved 1048576K
}
Event: 2433.731 GC heap before
{Heap before GC invocations=99 (full 20):
 garbage-first heap   total 204800K, used 176355K [0x0000000602800000, 0x0000000800000000)
  region size 4096K, 30 young (122880K), 0 survivors (0K)
 Metaspace       used 95853K, committed 96896K, reserved 1179648K
  class space    used 12964K, committed 13440K, reserved 1048576K
}
Event: 2433.735 GC heap after
{Heap after GC invocations=100 (full 20):
 garbage-first heap   total 204800K, used 64600K [0x0000000602800000, 0x0000000800000000)
  region size 4096K, 2 young (8192K), 2 survivors (8192K)
 Metaspace       used 95853K, committed 96896K, reserved 1179648K
  class space    used 12964K, committed 13440K, reserved 1048576K
}
Event: 2462.045 GC heap before
{Heap before GC invocations=101 (full 20):
 garbage-first heap   total 204800K, used 154712K [0x0000000602800000, 0x0000000800000000)
  region size 4096K, 25 young (102400K), 2 survivors (8192K)
 Metaspace       used 96476K, committed 97536K, reserved 1179648K
  class space    used 12981K, committed 13504K, reserved 1048576K
}
Event: 2462.124 GC heap after
{Heap after GC invocations=102 (full 21):
 garbage-first heap   total 204800K, used 57438K [0x0000000602800000, 0x0000000800000000)
  region size 4096K, 0 young (0K), 0 survivors (0K)
 Metaspace       used 96476K, committed 97536K, reserved 1179648K
  class space    used 12981K, committed 13504K, reserved 1048576K
}
Event: 2462.909 GC heap before
{Heap before GC invocations=102 (full 21):
 garbage-first heap   total 204800K, used 172126K [0x0000000602800000, 0x0000000800000000)
  region size 4096K, 29 young (118784K), 0 survivors (0K)
 Metaspace       used 96727K, committed 97792K, reserved 1179648K
  class space    used 13012K, committed 13504K, reserved 1048576K
}
Event: 2462.912 GC heap after
{Heap after GC invocations=103 (full 21):
 garbage-first heap   total 204800K, used 63879K [0x0000000602800000, 0x0000000800000000)
  region size 4096K, 2 young (8192K), 2 survivors (8192K)
 Metaspace       used 96727K, committed 97792K, reserved 1179648K
  class space    used 13012K, committed 13504K, reserved 1048576K
}
Event: 2466.977 GC heap before
{Heap before GC invocations=104 (full 21):
 garbage-first heap   total 204800K, used 170375K [0x0000000602800000, 0x0000000800000000)
  region size 4096K, 29 young (118784K), 2 survivors (8192K)
 Metaspace       used 96989K, committed 98048K, reserved 1179648K
  class space    used 13039K, committed 13568K, reserved 1048576K
}
Event: 2466.982 GC heap after
{Heap after GC invocations=105 (full 21):
 garbage-first heap   total 204800K, used 66581K [0x0000000602800000, 0x0000000800000000)
  region size 4096K, 3 young (12288K), 3 survivors (12288K)
 Metaspace       used 96989K, committed 98048K, reserved 1179648K
  class space    used 13039K, committed 13568K, reserved 1048576K
}

